2019-07-29 17:06:04 [scrapy.utils.log] INFO: Scrapy 1.7.2 started (bot: scrapy_spider)
2019-07-29 17:06:04 [scrapy.utils.log] INFO: Versions: lxml 4.4.0.0, libxml2 2.9.5, cssselect 1.0.3, parsel 1.5.1, w3lib 1.20.0, Twisted 19.2.1, Python 3.5.2 (v3.5.2:4def2a2901a5, Jun 25 2016, 22:18:55) [MSC v.1900 64 bit (AMD64)], pyOpenSSL 19.0.0 (OpenSSL 1.1.1c  28 May 2019), cryptography 2.7, Platform Windows-10-10.0.17134-SP0
2019-07-29 17:06:04 [scrapy.crawler] INFO: Overridden settings: {'ROBOTSTXT_OBEY': True, 'BOT_NAME': 'scrapy_spider', 'SPIDER_MODULES': ['scrapy_spider.spiders'], 'NEWSPIDER_MODULE': 'scrapy_spider.spiders', 'LOG_FILE': 'logs\\scrapy_spider\\21jingji\\15576b8cb1e011e9bab984a93e184bc3.log'}
2019-07-29 17:06:04 [scrapy.extensions.telnet] INFO: Telnet Password: b13f72a9734216ee
2019-07-29 17:06:04 [scrapy.middleware] INFO: Enabled extensions:
['scrapy.extensions.telnet.TelnetConsole',
 'scrapy.extensions.corestats.CoreStats',
 'scrapy.extensions.logstats.LogStats']
2019-07-29 17:06:04 [scrapy.middleware] INFO: Enabled downloader middlewares:
['scrapy.downloadermiddlewares.robotstxt.RobotsTxtMiddleware',
 'scrapy.downloadermiddlewares.httpauth.HttpAuthMiddleware',
 'scrapy.downloadermiddlewares.downloadtimeout.DownloadTimeoutMiddleware',
 'scrapy.downloadermiddlewares.defaultheaders.DefaultHeadersMiddleware',
 'scrapy.downloadermiddlewares.useragent.UserAgentMiddleware',
 'scrapy.downloadermiddlewares.retry.RetryMiddleware',
 'scrapy.downloadermiddlewares.redirect.MetaRefreshMiddleware',
 'scrapy.downloadermiddlewares.httpcompression.HttpCompressionMiddleware',
 'scrapy.downloadermiddlewares.redirect.RedirectMiddleware',
 'scrapy.downloadermiddlewares.cookies.CookiesMiddleware',
 'scrapy.downloadermiddlewares.httpproxy.HttpProxyMiddleware',
 'scrapy.downloadermiddlewares.stats.DownloaderStats']
2019-07-29 17:06:04 [scrapy.middleware] INFO: Enabled spider middlewares:
['scrapy.spidermiddlewares.httperror.HttpErrorMiddleware',
 'scrapy.spidermiddlewares.offsite.OffsiteMiddleware',
 'scrapy.spidermiddlewares.referer.RefererMiddleware',
 'scrapy.spidermiddlewares.urllength.UrlLengthMiddleware',
 'scrapy.spidermiddlewares.depth.DepthMiddleware']
2019-07-29 17:06:04 [scrapy.middleware] INFO: Enabled item pipelines:
[]
2019-07-29 17:06:04 [scrapy.core.engine] INFO: Spider opened
2019-07-29 17:06:04 [scrapy.extensions.logstats] INFO: Crawled 0 pages (at 0 pages/min), scraped 0 items (at 0 items/min)
2019-07-29 17:06:04 [scrapy.extensions.telnet] INFO: Telnet console listening on 127.0.0.1:6023
2019-07-29 17:06:04 [scrapy.core.engine] DEBUG: Crawled (404) <GET http://www.21jingji.com/robots.txt> (referer: None)
2019-07-29 17:06:04 [scrapy.core.engine] DEBUG: Crawled (200) <GET http://www.21jingji.com/> (referer: None)
2019-07-29 17:06:04 [scrapy.core.engine] INFO: Closing spider (finished)
2019-07-29 17:06:04 [scrapy.statscollectors] INFO: Dumping Scrapy stats:
{'downloader/request_bytes': 525,
 'downloader/request_count': 2,
 'downloader/request_method_count/GET': 2,
 'downloader/response_bytes': 15568,
 'downloader/response_count': 2,
 'downloader/response_status_count/200': 1,
 'downloader/response_status_count/404': 1,
 'elapsed_time_seconds': 0.344078,
 'finish_reason': 'finished',
 'finish_time': datetime.datetime(2019, 7, 29, 9, 6, 4, 859312),
 'log_count/DEBUG': 2,
 'log_count/INFO': 10,
 'response_received_count': 2,
 'robotstxt/request_count': 1,
 'robotstxt/response_count': 1,
 'robotstxt/response_status_count/404': 1,
 'scheduler/dequeued': 1,
 'scheduler/dequeued/memory': 1,
 'scheduler/enqueued': 1,
 'scheduler/enqueued/memory': 1,
 'start_time': datetime.datetime(2019, 7, 29, 9, 6, 4, 515234)}
2019-07-29 17:06:04 [scrapy.core.engine] INFO: Spider closed (finished)
